Watching for file changes with StatReloader
[22/Jan/2026 07:56:56] "GET / HTTP/1.1" 200 6611
[22/Jan/2026 07:57:01] "GET /about/ HTTP/1.1" 200 9465
[22/Jan/2026 07:57:06] "GET /merak/ HTTP/1.1" 200 2021
[22/Jan/2026 07:57:10] "GET /learning-journey/ HTTP/1.1" 200 10351
[22/Jan/2026 08:23:31] "GET / HTTP/1.1" 200 6611
[22/Jan/2026 08:23:32] "GET /static/portfolio/css/responsive.css HTTP/1.1" 200 1109
[22/Jan/2026 08:23:32] "GET /static/portfolio/css/animate.css HTTP/1.1" 200 59924
[22/Jan/2026 08:23:32] "GET /static/portfolio/css/bootstrap.css HTTP/1.1" 200 122150
[22/Jan/2026 08:23:32] "GET /static/portfolio/css/font-awesome.css HTTP/1.1" 200 26651
[22/Jan/2026 08:23:32] "GET /static/portfolio/css/nexus.css HTTP/1.1" 200 61557
[22/Jan/2026 08:23:32] "GET /static/portfolio/js/jquery.min.js HTTP/1.1" 200 95786
[22/Jan/2026 08:23:32] "GET /static/portfolio/js/bootstrap.min.js HTTP/1.1" 200 31819
[22/Jan/2026 08:23:32] "GET /static/portfolio/js/jquery.isotope.js HTTP/1.1" 200 146146
[22/Jan/2026 08:23:32] "GET /static/portfolio/js/jquery.slicknav.js HTTP/1.1" 200 11160
[22/Jan/2026 08:23:32] "GET /static/portfolio/js/scripts.js HTTP/1.1" 200 3369
[22/Jan/2026 08:23:32] "GET /static/portfolio/css/custom.css HTTP/1.1" 404 1886
[22/Jan/2026 08:23:32] "GET /static/portfolio/js/jquery.visible.js HTTP/1.1" 200 3385
[22/Jan/2026 08:23:32] "GET /static/portfolio/js/jquery.sticky.js HTTP/1.1" 200 4248
[22/Jan/2026 08:23:32] "GET /static/portfolio/js/slimbox2.js HTTP/1.1" 200 4123
[22/Jan/2026 08:23:32] "GET /static/portfolio/js/modernizr.custom.js HTTP/1.1" 200 9041
[22/Jan/2026 08:23:32] "GET /static/portfolio/img/social_icons/github.png HTTP/1.1" 200 747
[22/Jan/2026 08:23:32] "GET /static/portfolio/img/sample_bg.jpg HTTP/1.1" 200 1828122
[22/Jan/2026 08:23:32] "GET /static/portfolio/img/social_icons/facebook.png HTTP/1.1" 200 460
[22/Jan/2026 08:23:32] "GET /static/portfolio/img/social_icons/linkedin.png HTTP/1.1" 200 565
[22/Jan/2026 08:23:32] "GET /static/portfolio/fonts/fontawesome-webfont.woff?v=4.2.0 HTTP/1.1" 200 83760
[22/Jan/2026 08:52:07] "HEAD /static/portfolio/css/custom.css HTTP/1.1" 200 0
[22/Jan/2026 08:53:56] "HEAD /static/portfolio/favicon.ico HTTP/1.1" 200 0
[22/Jan/2026 08:55:51] "GET / HTTP/1.1" 200 6611
[22/Jan/2026 08:55:51] "GET /static/portfolio/css/bootstrap.css HTTP/1.1" 200 122150
[22/Jan/2026 08:55:51] "GET /static/portfolio/css/animate.css HTTP/1.1" 200 59924
[22/Jan/2026 08:55:51] "GET /static/portfolio/css/custom.css HTTP/1.1" 200 0
[22/Jan/2026 08:55:51] "GET /static/portfolio/css/nexus.css HTTP/1.1" 200 61557
[22/Jan/2026 08:55:51] "GET /static/portfolio/js/scripts.js HTTP/1.1" 200 3369
[22/Jan/2026 08:55:51] "GET /static/portfolio/css/responsive.css HTTP/1.1" 200 1109
[22/Jan/2026 08:55:51] "GET /static/portfolio/js/bootstrap.min.js HTTP/1.1" 200 31819
[22/Jan/2026 08:55:51] "GET /static/portfolio/js/jquery.min.js HTTP/1.1" 200 95786
[22/Jan/2026 08:55:51] "GET /static/portfolio/css/font-awesome.css HTTP/1.1" 200 26651
[22/Jan/2026 08:55:51] "GET /static/portfolio/js/jquery.isotope.js HTTP/1.1" 200 146146
[22/Jan/2026 08:55:51] "GET /static/portfolio/js/jquery.visible.js HTTP/1.1" 200 3385
[22/Jan/2026 08:55:51] "GET /static/portfolio/js/jquery.slicknav.js HTTP/1.1" 200 11160
[22/Jan/2026 08:55:51] "GET /static/portfolio/js/jquery.sticky.js HTTP/1.1" 200 4248
[22/Jan/2026 08:55:51] "GET /static/portfolio/js/slimbox2.js HTTP/1.1" 200 4123
[22/Jan/2026 08:55:51] "GET /static/portfolio/js/modernizr.custom.js HTTP/1.1" 200 9041
[22/Jan/2026 08:55:51] "GET /static/portfolio/img/social_icons/github.png HTTP/1.1" 200 747
[22/Jan/2026 08:55:51] "GET /static/portfolio/img/sample_bg.jpg HTTP/1.1" 200 1828122
[22/Jan/2026 08:55:51] "GET /static/portfolio/img/social_icons/facebook.png HTTP/1.1" 200 460
[22/Jan/2026 08:55:51] "GET /static/portfolio/fonts/fontawesome-webfont.woff?v=4.2.0 HTTP/1.1" 200 83760
[22/Jan/2026 08:55:51] "GET /static/portfolio/img/social_icons/linkedin.png HTTP/1.1" 200 565
